<?xml version="1.0" encoding="UTF-8"?>
<testsuite xmlns:xsi="http://www.w3.org/2001/XMLSchema-instance" xsi:noNamespaceSchemaLocation="https://maven.apache.org/surefire/maven-surefire-plugin/xsd/surefire-test-report-3.0.xsd" version="3.0" name="com.sfuentes.AverageAndSmallestTest" time="0.095" tests="8" errors="0" skipped="0" failures="0">
  <properties>
[...]
</properties>
  <testcase name="calculateSmallest_LastSmallest" classname="com.sfuentes.AverageAndSmallestTest" time="0.044"/>
  <testcase name="calculateAverage_Decimal" classname="com.sfuentes.AverageAndSmallestTest" time="0.002"/>
  <testcase name="calculateSmallest_SameNumbers" classname="com.sfuentes.AverageAndSmallestTest" time="0.001"/>
  <testcase name="calculateSmallest_FirstSmallest" classname="com.sfuentes.AverageAndSmallestTest" time="0.002"/>
  <testcase name="calculateSmallest_Decimal" classname="com.sfuentes.AverageAndSmallestTest" time="0"/>
  <testcase name="calculateAverage_SameNumbers" classname="com.sfuentes.AverageAndSmallestTest" time="0.002"/>
  <testcase name="calculateAverage_Zero" classname="com.sfuentes.AverageAndSmallestTest" time="0.001"/>
  <testcase name="calculateSmallest_Zero" classname="com.sfuentes.AverageAndSmallestTest" time="0.002"/>
</testsuite>